CRITICAL - 2023-06-12 07:00:59 --> Cannot redeclare App\Controllers\Home::login()
#0 [internal function]: CodeIgniter\Debug\Exceptions->shutdownHandler()
#1 {main}
CRITICAL - 2023-06-12 07:00:59 --> Cannot redeclare App\Controllers\Home::login()
#0 [internal function]: CodeIgniter\Debug\Exceptions->shutdownHandler()
#1 {main}
CRITICAL - 2023-06-12 07:22:25 --> Cannot redeclare App\Controllers\Home::dashboard()
#0 [internal function]: CodeIgniter\Debug\Exceptions->shutdownHandler()
#1 {main}
CRITICAL - 2023-06-12 07:22:47 --> syntax error, unexpected '-', expecting '('
#0 /home/runner/ci4-grok/system/Autoloader/Autoloader.php(241): CodeIgniter\Autoloader\Autoloader->includeFile('/home/runner/ci...')
#1 /home/runner/ci4-grok/system/Autoloader/Autoloader.php(219): CodeIgniter\Autoloader\Autoloader->loadInNamespace('App\\Controllers...')
#2 [internal function]: CodeIgniter\Autoloader\Autoloader->loadClass('App\\Controllers...')
#3 [internal function]: spl_autoload_call('App\\Controllers...')
#4 /home/runner/ci4-grok/system/CodeIgniter.php(797): class_exists('\\App\\Controller...', true)
#5 /home/runner/ci4-grok/system/CodeIgniter.php(406): CodeIgniter\CodeIgniter->startController()
#6 /home/runner/ci4-grok/system/CodeIgniter.php(326): CodeIgniter\CodeIgniter->handleRequest(NULL, Object(Config\Cache), false)
#7 /home/runner/ci4-grok/public/index.php(39): CodeIgniter\CodeIgniter->run()
#8 {main}
CRITICAL - 2023-06-12 13:22:19 --> Call to undefined function baseURL()
#0 C:\wamp\var\grok\ProjectOnePHP\app\Views\login.php(1): require_once()
#1 C:\wamp\var\grok\ProjectOnePHP\system\View\View.php(210): include('C:\\wamp\\var\\gro...')
#2 C:\wamp\var\grok\ProjectOnePHP\system\View\View.php(213): CodeIgniter\View\View->CodeIgniter\View\{closure}()
#3 C:\wamp\var\grok\ProjectOnePHP\system\Common.php(1089): CodeIgniter\View\View->render('login', Array, true)
#4 C:\wamp\var\grok\ProjectOnePHP\app\Controllers\Home.php(14): view('login')
#5 C:\wamp\var\grok\ProjectOnePHP\system\CodeIgniter.php(832): App\Controllers\Home->login()
#6 C:\wamp\var\grok\ProjectOnePHP\system\CodeIgniter.php(419): CodeIgniter\CodeIgniter->runController(Object(App\Controllers\Home))
#7 C:\wamp\var\grok\ProjectOnePHP\system\CodeIgniter.php(326): CodeIgniter\CodeIgniter->handleRequest(NULL, Object(Config\Cache), false)
#8 C:\wamp\var\grok\ProjectOnePHP\public\index.php(39): CodeIgniter\CodeIgniter->run()
#9 {main}
CRITICAL - 2023-06-12 13:22:38 --> Use of undefined constant baseURL - assumed 'baseURL' (this will throw an Error in a future version of PHP)
#0 C:\wamp\var\grok\ProjectOnePHP\app\Views\includes\header.php(13): CodeIgniter\Debug\Exceptions->errorHandler(2, 'Use of undefine...', 'C:\\wamp\\var\\gro...', 13, Array)
#1 C:\wamp\var\grok\ProjectOnePHP\app\Views\login.php(1): require_once('C:\\wamp\\var\\gro...')
#2 C:\wamp\var\grok\ProjectOnePHP\system\View\View.php(210): include('C:\\wamp\\var\\gro...')
#3 C:\wamp\var\grok\ProjectOnePHP\system\View\View.php(213): CodeIgniter\View\View->CodeIgniter\View\{closure}()
#4 C:\wamp\var\grok\ProjectOnePHP\system\Common.php(1089): CodeIgniter\View\View->render('login', Array, true)
#5 C:\wamp\var\grok\ProjectOnePHP\app\Controllers\Home.php(14): view('login')
#6 C:\wamp\var\grok\ProjectOnePHP\system\CodeIgniter.php(832): App\Controllers\Home->login()
#7 C:\wamp\var\grok\ProjectOnePHP\system\CodeIgniter.php(419): CodeIgniter\CodeIgniter->runController(Object(App\Controllers\Home))
#8 C:\wamp\var\grok\ProjectOnePHP\system\CodeIgniter.php(326): CodeIgniter\CodeIgniter->handleRequest(NULL, Object(Config\Cache), false)
#9 C:\wamp\var\grok\ProjectOnePHP\public\index.php(39): CodeIgniter\CodeIgniter->run()
#10 {main}
CRITICAL - 2023-06-12 13:22:44 --> Undefined variable: baseURL
#0 C:\wamp\var\grok\ProjectOnePHP\app\Views\includes\header.php(13): CodeIgniter\Debug\Exceptions->errorHandler(8, 'Undefined varia...', 'C:\\wamp\\var\\gro...', 13, Array)
#1 C:\wamp\var\grok\ProjectOnePHP\app\Views\login.php(1): require_once('C:\\wamp\\var\\gro...')
#2 C:\wamp\var\grok\ProjectOnePHP\system\View\View.php(210): include('C:\\wamp\\var\\gro...')
#3 C:\wamp\var\grok\ProjectOnePHP\system\View\View.php(213): CodeIgniter\View\View->CodeIgniter\View\{closure}()
#4 C:\wamp\var\grok\ProjectOnePHP\system\Common.php(1089): CodeIgniter\View\View->render('login', Array, true)
#5 C:\wamp\var\grok\ProjectOnePHP\app\Controllers\Home.php(14): view('login')
#6 C:\wamp\var\grok\ProjectOnePHP\system\CodeIgniter.php(832): App\Controllers\Home->login()
#7 C:\wamp\var\grok\ProjectOnePHP\system\CodeIgniter.php(419): CodeIgniter\CodeIgniter->runController(Object(App\Controllers\Home))
#8 C:\wamp\var\grok\ProjectOnePHP\system\CodeIgniter.php(326): CodeIgniter\CodeIgniter->handleRequest(NULL, Object(Config\Cache), false)
#9 C:\wamp\var\grok\ProjectOnePHP\public\index.php(39): CodeIgniter\CodeIgniter->run()
#10 {main}
CRITICAL - 2023-06-12 13:23:14 --> Undefined variable: baseURL
#0 C:\wamp\var\grok\ProjectOnePHP\app\Views\includes\header.php(13): CodeIgniter\Debug\Exceptions->errorHandler(8, 'Undefined varia...', 'C:\\wamp\\var\\gro...', 13, Array)
#1 C:\wamp\var\grok\ProjectOnePHP\app\Views\login.php(1): require_once('C:\\wamp\\var\\gro...')
#2 C:\wamp\var\grok\ProjectOnePHP\system\View\View.php(210): include('C:\\wamp\\var\\gro...')
#3 C:\wamp\var\grok\ProjectOnePHP\system\View\View.php(213): CodeIgniter\View\View->CodeIgniter\View\{closure}()
#4 C:\wamp\var\grok\ProjectOnePHP\system\Common.php(1089): CodeIgniter\View\View->render('login', Array, true)
#5 C:\wamp\var\grok\ProjectOnePHP\app\Controllers\Home.php(14): view('login')
#6 C:\wamp\var\grok\ProjectOnePHP\system\CodeIgniter.php(832): App\Controllers\Home->login()
#7 C:\wamp\var\grok\ProjectOnePHP\system\CodeIgniter.php(419): CodeIgniter\CodeIgniter->runController(Object(App\Controllers\Home))
#8 C:\wamp\var\grok\ProjectOnePHP\system\CodeIgniter.php(326): CodeIgniter\CodeIgniter->handleRequest(NULL, Object(Config\Cache), false)
#9 C:\wamp\var\grok\ProjectOnePHP\public\index.php(39): CodeIgniter\CodeIgniter->run()
#10 {main}
CRITICAL - 2023-06-12 13:24:27 --> Use of undefined constant app - assumed 'app' (this will throw an Error in a future version of PHP)
#0 C:\wamp\var\grok\ProjectOnePHP\app\Views\includes\header.php(13): CodeIgniter\Debug\Exceptions->errorHandler(2, 'Use of undefine...', 'C:\\wamp\\var\\gro...', 13, Array)
#1 C:\wamp\var\grok\ProjectOnePHP\app\Views\login.php(1): require_once('C:\\wamp\\var\\gro...')
#2 C:\wamp\var\grok\ProjectOnePHP\system\View\View.php(210): include('C:\\wamp\\var\\gro...')
#3 C:\wamp\var\grok\ProjectOnePHP\system\View\View.php(213): CodeIgniter\View\View->CodeIgniter\View\{closure}()
#4 C:\wamp\var\grok\ProjectOnePHP\system\Common.php(1089): CodeIgniter\View\View->render('login', Array, true)
#5 C:\wamp\var\grok\ProjectOnePHP\app\Controllers\Home.php(14): view('login')
#6 C:\wamp\var\grok\ProjectOnePHP\system\CodeIgniter.php(832): App\Controllers\Home->login()
#7 C:\wamp\var\grok\ProjectOnePHP\system\CodeIgniter.php(419): CodeIgniter\CodeIgniter->runController(Object(App\Controllers\Home))
#8 C:\wamp\var\grok\ProjectOnePHP\system\CodeIgniter.php(326): CodeIgniter\CodeIgniter->handleRequest(NULL, Object(Config\Cache), false)
#9 C:\wamp\var\grok\ProjectOnePHP\public\index.php(39): CodeIgniter\CodeIgniter->run()
#10 {main}
CRITICAL - 2023-06-12 13:24:36 --> Use of undefined constant baseURL - assumed 'baseURL' (this will throw an Error in a future version of PHP)
#0 C:\wamp\var\grok\ProjectOnePHP\app\Views\includes\header.php(13): CodeIgniter\Debug\Exceptions->errorHandler(2, 'Use of undefine...', 'C:\\wamp\\var\\gro...', 13, Array)
#1 C:\wamp\var\grok\ProjectOnePHP\app\Views\login.php(1): require_once('C:\\wamp\\var\\gro...')
#2 C:\wamp\var\grok\ProjectOnePHP\system\View\View.php(210): include('C:\\wamp\\var\\gro...')
#3 C:\wamp\var\grok\ProjectOnePHP\system\View\View.php(213): CodeIgniter\View\View->CodeIgniter\View\{closure}()
#4 C:\wamp\var\grok\ProjectOnePHP\system\Common.php(1089): CodeIgniter\View\View->render('login', Array, true)
#5 C:\wamp\var\grok\ProjectOnePHP\app\Controllers\Home.php(14): view('login')
#6 C:\wamp\var\grok\ProjectOnePHP\system\CodeIgniter.php(832): App\Controllers\Home->login()
#7 C:\wamp\var\grok\ProjectOnePHP\system\CodeIgniter.php(419): CodeIgniter\CodeIgniter->runController(Object(App\Controllers\Home))
#8 C:\wamp\var\grok\ProjectOnePHP\system\CodeIgniter.php(326): CodeIgniter\CodeIgniter->handleRequest(NULL, Object(Config\Cache), false)
#9 C:\wamp\var\grok\ProjectOnePHP\public\index.php(39): CodeIgniter\CodeIgniter->run()
#10 {main}
CRITICAL - 2023-06-12 13:24:45 --> Undefined variable: baseURL
#0 C:\wamp\var\grok\ProjectOnePHP\app\Views\includes\header.php(13): CodeIgniter\Debug\Exceptions->errorHandler(8, 'Undefined varia...', 'C:\\wamp\\var\\gro...', 13, Array)
#1 C:\wamp\var\grok\ProjectOnePHP\app\Views\login.php(1): require_once('C:\\wamp\\var\\gro...')
#2 C:\wamp\var\grok\ProjectOnePHP\system\View\View.php(210): include('C:\\wamp\\var\\gro...')
#3 C:\wamp\var\grok\ProjectOnePHP\system\View\View.php(213): CodeIgniter\View\View->CodeIgniter\View\{closure}()
#4 C:\wamp\var\grok\ProjectOnePHP\system\Common.php(1089): CodeIgniter\View\View->render('login', Array, true)
#5 C:\wamp\var\grok\ProjectOnePHP\app\Controllers\Home.php(14): view('login')
#6 C:\wamp\var\grok\ProjectOnePHP\system\CodeIgniter.php(832): App\Controllers\Home->login()
#7 C:\wamp\var\grok\ProjectOnePHP\system\CodeIgniter.php(419): CodeIgniter\CodeIgniter->runController(Object(App\Controllers\Home))
#8 C:\wamp\var\grok\ProjectOnePHP\system\CodeIgniter.php(326): CodeIgniter\CodeIgniter->handleRequest(NULL, Object(Config\Cache), false)
#9 C:\wamp\var\grok\ProjectOnePHP\public\index.php(39): CodeIgniter\CodeIgniter->run()
#10 {main}
